<?xml version="1.0" encoding="UTF-8"?>
<testsuite name="ru.stqa.pft.addressbook.tests.ContactCreationTests" tests="3" skipped="0" failures="0" errors="0" timestamp="2022-10-10T15:18:27" hostname="DESKTOP-IOE9U46" time="33.594">
  <properties/>
  <testcase name="testContactCreation[0](ContactData{id=2147483647, firstname='testFirstname 0', lastname='testLastname 0'})" classname="ru.stqa.pft.addressbook.tests.ContactCreationTests" time="13.979"/>
  <testcase name="testContactCreation[1](ContactData{id=2147483647, firstname='testFirstname 1', lastname='testLastname 1'})" classname="ru.stqa.pft.addressbook.tests.ContactCreationTests" time="9.638"/>
  <testcase name="testContactCreation[2](ContactData{id=2147483647, firstname='testFirstname 2', lastname='testLastname 2'})" classname="ru.stqa.pft.addressbook.tests.ContactCreationTests" time="9.973"/>
  <system-out><![CDATA[]]></system-out>
  <system-err><![CDATA[]]></system-err>
</testsuite>
